<?xml version="1.0" encoding="UTF-8"?>
<!-- Generated by org.testng.reporters.JUnitReportReporter -->
<testsuite skipped="0" hostname="DESKTOP-DC4GE4I" name="com.learnautomation.testcases.LoginTest_saucedemo" tests="1" failures="0" timestamp="2020-10-05T15:46:04 EDT" time="4.123" errors="0">
  <testcase name="loginApp" time="4.123" classname="com.learnautomation.testcases.LoginTest_saucedemo"/>
  <system-out/>
</testsuite> <!-- com.learnautomation.testcases.LoginTest_saucedemo -->
